[1107/121859.269:INFO:CONSOLE(113)] "Event handler of 'x-storagemutated-1' event must be added on the initial evaluation of worker script.", source: https://static.whatsapp.net/rsrc.php/v4/yK/r/Vu8hS6lhtcF.js (113)
[1107/121859.460:INFO:CONSOLE(0)] "Error with Permissions-Policy header: Feature xr-spatial-tracking's parameters are ignored.", source:  (0)
[1107/121859.460:INFO:CONSOLE(0)] "Error with Permissions-Policy header: Origin trial controlled feature not enabled: 'attribution-reporting'.", source:  (0)
[1107/121859.460:INFO:CONSOLE(0)] "Error with Permissions-Policy header: Unrecognized feature: 'compute-pressure'.", source:  (0)
[1107/121859.460:INFO:CONSOLE(0)] "Error with Permissions-Policy header: Origin trial controlled feature not enabled: 'interest-cohort'.", source:  (0)
[1107/121859.461:INFO:CONSOLE(0)] "Error with Permissions-Policy header: Unrecognized feature: 'private-state-token-issuance'.", source:  (0)
[1107/121859.461:INFO:CONSOLE(0)] "Error with Permissions-Policy header: Origin trial controlled feature not enabled: 'shared-storage'.", source:  (0)
[1107/121859.461:INFO:CONSOLE(0)] "Error with Permissions-Policy header: Unrecognized feature: 'shared-storage-select-url'.", source:  (0)
[1107/121859.461:INFO:CONSOLE(0)] "Error with Permissions-Policy header: Unrecognized feature: 'private-state-token-redemption'.", source:  (0)
[1107/121859.461:INFO:CONSOLE(0)] "Error with Permissions-Policy header: Unrecognized feature: 'unload'.", source:  (0)
[1107/121859.461:INFO:CONSOLE(0)] "Error with Permissions-Policy header: Unrecognized feature: 'window-management'.", source:  (0)
[1107/121859.461:INFO:CONSOLE(0)] "Document-Policy HTTP header: Unrecognized document policy feature name include-js-call-stacks-in-crash-reports.", source: https://web.whatsapp.com/ (0)
[1107/121902.827:INFO:CONSOLE(113)] "Event handler of 'x-storagemutated-1' event must be added on the initial evaluation of worker script.", source: https://static.whatsapp.net/rsrc.php/v4/yp/r/0iLNpcRpUEq.js (113)
[1107/122007.103:INFO:CONSOLE(113)] "Event handler of 'x-storagemutated-1' event must be added on the initial evaluation of worker script.", source: https://static.whatsapp.net/rsrc.php/v4/yp/r/0iLNpcRpUEq.js (113)
[1107/122143.360:INFO:CONSOLE(77)] "ErrorUtils caught an error:

window is not defined

Subsequent non-fatal errors won't be logged; see https://fburl.com/debugjs. [object Object]", source: https://static.whatsapp.net/rsrc.php/v4/yc/r/uIHs1_8J82y.js (77)
[1107/122144.694:INFO:CONSOLE(113)] "Event handler of 'x-storagemutated-1' event must be added on the initial evaluation of worker script.", source: https://static.whatsapp.net/rsrc.php/v4/yp/r/0iLNpcRpUEq.js (113)
[1107/122233.738:INFO:CONSOLE(113)] "Event handler of 'x-storagemutated-1' event must be added on the initial evaluation of worker script.", source: https://static.whatsapp.net/rsrc.php/v4/yp/r/0iLNpcRpUEq.js (113)
[1107/122400.842:INFO:CONSOLE(113)] "Event handler of 'x-storagemutated-1' event must be added on the initial evaluation of worker script.", source: https://static.whatsapp.net/rsrc.php/v4/yp/r/0iLNpcRpUEq.js (113)
[1107/122605.069:INFO:CONSOLE(113)] "Event handler of 'x-storagemutated-1' event must be added on the initial evaluation of worker script.", source: https://static.whatsapp.net/rsrc.php/v4/yp/r/0iLNpcRpUEq.js (113)
[1107/122936.481:INFO:CONSOLE(113)] "Event handler of 'x-storagemutated-1' event must be added on the initial evaluation of worker script.", source: https://static.whatsapp.net/rsrc.php/v4/yp/r/0iLNpcRpUEq.js (113)
[1107/123307.900:INFO:CONSOLE(113)] "Event handler of 'x-storagemutated-1' event must be added on the initial evaluation of worker script.", source: https://static.whatsapp.net/rsrc.php/v4/yp/r/0iLNpcRpUEq.js (113)
